[27-Aug-2025 13:04:46 Australia/Brisbane] PHP Fatal error:  Uncaught Error: Undefined constant "numKey" in /var/www/html/geninv/app.php:41
Stack trace:
#0 /var/www/html/geninv/app.php(109): read_template_or_default()
#1 {main}
  thrown in /var/www/html/geninv/app.php on line 41
[27-Aug-2025 13:09:53 Australia/Brisbane] PHP Deprecated:  preg_match_all(): Passing null to parameter #2 ($subject) of type string is deprecated in /var/www/html/geninv/vendor/dompdf/dompdf/src/Css/Stylesheet.php on line 1448
[27-Aug-2025 13:09:53 Australia/Brisbane] PHP Deprecated:  preg_match_all(): Passing null to parameter #2 ($subject) of type string is deprecated in /var/www/html/geninv/vendor/dompdf/dompdf/src/Css/Stylesheet.php on line 1448
[27-Aug-2025 13:09:53 Australia/Brisbane] PHP Deprecated:  preg_match_all(): Passing null to parameter #2 ($subject) of type string is deprecated in /var/www/html/geninv/vendor/dompdf/dompdf/src/Css/Stylesheet.php on line 1448
[27-Aug-2025 13:15:39 Australia/Brisbane] PHP Deprecated:  preg_match_all(): Passing null to parameter #2 ($subject) of type string is deprecated in /var/www/html/geninv/vendor/dompdf/dompdf/src/Css/Stylesheet.php on line 1448
[27-Aug-2025 13:15:39 Australia/Brisbane] PHP Deprecated:  preg_match_all(): Passing null to parameter #2 ($subject) of type string is deprecated in /var/www/html/geninv/vendor/dompdf/dompdf/src/Css/Stylesheet.php on line 1448
[27-Aug-2025 13:15:39 Australia/Brisbane] PHP Deprecated:  preg_match_all(): Passing null to parameter #2 ($subject) of type string is deprecated in /var/www/html/geninv/vendor/dompdf/dompdf/src/Css/Stylesheet.php on line 1448
[27-Aug-2025 14:58:30 Australia/Brisbane] PHP Deprecated:  preg_match_all(): Passing null to parameter #2 ($subject) of type string is deprecated in /var/www/html/geninv/vendor/dompdf/dompdf/src/Css/Stylesheet.php on line 1448
[27-Aug-2025 14:58:30 Australia/Brisbane] PHP Deprecated:  preg_match_all(): Passing null to parameter #2 ($subject) of type string is deprecated in /var/www/html/geninv/vendor/dompdf/dompdf/src/Css/Stylesheet.php on line 1448
[27-Aug-2025 14:58:30 Australia/Brisbane] PHP Deprecated:  preg_match_all(): Passing null to parameter #2 ($subject) of type string is deprecated in /var/www/html/geninv/vendor/dompdf/dompdf/src/Css/Stylesheet.php on line 1448
[27-Aug-2025 15:00:29 Australia/Brisbane] PHP Deprecated:  preg_match_all(): Passing null to parameter #2 ($subject) of type string is deprecated in /var/www/html/geninv/vendor/dompdf/dompdf/src/Css/Stylesheet.php on line 1448
[27-Aug-2025 15:00:29 Australia/Brisbane] PHP Deprecated:  preg_match_all(): Passing null to parameter #2 ($subject) of type string is deprecated in /var/www/html/geninv/vendor/dompdf/dompdf/src/Css/Stylesheet.php on line 1448
[27-Aug-2025 15:00:29 Australia/Brisbane] PHP Deprecated:  preg_match_all(): Passing null to parameter #2 ($subject) of type string is deprecated in /var/www/html/geninv/vendor/dompdf/dompdf/src/Css/Stylesheet.php on line 1448
[27-Aug-2025 15:01:33 Australia/Brisbane] PHP Deprecated:  preg_match_all(): Passing null to parameter #2 ($subject) of type string is deprecated in /var/www/html/geninv/vendor/dompdf/dompdf/src/Css/Stylesheet.php on line 1448
[27-Aug-2025 15:01:33 Australia/Brisbane] PHP Deprecated:  preg_match_all(): Passing null to parameter #2 ($subject) of type string is deprecated in /var/www/html/geninv/vendor/dompdf/dompdf/src/Css/Stylesheet.php on line 1448
[27-Aug-2025 15:01:33 Australia/Brisbane] PHP Deprecated:  preg_match_all(): Passing null to parameter #2 ($subject) of type string is deprecated in /var/www/html/geninv/vendor/dompdf/dompdf/src/Css/Stylesheet.php on line 1448
[27-Aug-2025 15:02:26 Australia/Brisbane] PHP Deprecated:  preg_match_all(): Passing null to parameter #2 ($subject) of type string is deprecated in /var/www/html/geninv/vendor/dompdf/dompdf/src/Css/Stylesheet.php on line 1448
[27-Aug-2025 15:02:26 Australia/Brisbane] PHP Deprecated:  preg_match_all(): Passing null to parameter #2 ($subject) of type string is deprecated in /var/www/html/geninv/vendor/dompdf/dompdf/src/Css/Stylesheet.php on line 1448
[27-Aug-2025 15:02:26 Australia/Brisbane] PHP Deprecated:  preg_match_all(): Passing null to parameter #2 ($subject) of type string is deprecated in /var/www/html/geninv/vendor/dompdf/dompdf/src/Css/Stylesheet.php on line 1448
[27-Aug-2025 15:03:38 Australia/Brisbane] PHP Deprecated:  preg_match_all(): Passing null to parameter #2 ($subject) of type string is deprecated in /var/www/html/geninv/vendor/dompdf/dompdf/src/Css/Stylesheet.php on line 1448
[27-Aug-2025 15:03:38 Australia/Brisbane] PHP Deprecated:  preg_match_all(): Passing null to parameter #2 ($subject) of type string is deprecated in /var/www/html/geninv/vendor/dompdf/dompdf/src/Css/Stylesheet.php on line 1448
[27-Aug-2025 15:03:38 Australia/Brisbane] PHP Deprecated:  preg_match_all(): Passing null to parameter #2 ($subject) of type string is deprecated in /var/www/html/geninv/vendor/dompdf/dompdf/src/Css/Stylesheet.php on line 1448
[27-Aug-2025 15:11:40 Australia/Brisbane] PHP Deprecated:  preg_match_all(): Passing null to parameter #2 ($subject) of type string is deprecated in /var/www/html/geninv/vendor/dompdf/dompdf/src/Css/Stylesheet.php on line 1448
[27-Aug-2025 15:11:40 Australia/Brisbane] PHP Deprecated:  preg_match_all(): Passing null to parameter #2 ($subject) of type string is deprecated in /var/www/html/geninv/vendor/dompdf/dompdf/src/Css/Stylesheet.php on line 1448
[27-Aug-2025 15:11:40 Australia/Brisbane] PHP Deprecated:  preg_match_all(): Passing null to parameter #2 ($subject) of type string is deprecated in /var/www/html/geninv/vendor/dompdf/dompdf/src/Css/Stylesheet.php on line 1448
[27-Aug-2025 15:12:43 Australia/Brisbane] PHP Deprecated:  preg_match_all(): Passing null to parameter #2 ($subject) of type string is deprecated in /var/www/html/geninv/vendor/dompdf/dompdf/src/Css/Stylesheet.php on line 1448
[27-Aug-2025 15:12:43 Australia/Brisbane] PHP Deprecated:  preg_match_all(): Passing null to parameter #2 ($subject) of type string is deprecated in /var/www/html/geninv/vendor/dompdf/dompdf/src/Css/Stylesheet.php on line 1448
[27-Aug-2025 15:12:43 Australia/Brisbane] PHP Deprecated:  preg_match_all(): Passing null to parameter #2 ($subject) of type string is deprecated in /var/www/html/geninv/vendor/dompdf/dompdf/src/Css/Stylesheet.php on line 1448
[27-Aug-2025 15:18:07 Australia/Brisbane] PHP Deprecated:  preg_match_all(): Passing null to parameter #2 ($subject) of type string is deprecated in /var/www/html/geninv/vendor/dompdf/dompdf/src/Css/Stylesheet.php on line 1448
[27-Aug-2025 15:18:07 Australia/Brisbane] PHP Deprecated:  preg_match_all(): Passing null to parameter #2 ($subject) of type string is deprecated in /var/www/html/geninv/vendor/dompdf/dompdf/src/Css/Stylesheet.php on line 1448
[27-Aug-2025 15:18:07 Australia/Brisbane] PHP Deprecated:  preg_match_all(): Passing null to parameter #2 ($subject) of type string is deprecated in /var/www/html/geninv/vendor/dompdf/dompdf/src/Css/Stylesheet.php on line 1448
[27-Aug-2025 15:22:31 Australia/Brisbane] PHP Deprecated:  preg_match_all(): Passing null to parameter #2 ($subject) of type string is deprecated in /var/www/html/geninv/vendor/dompdf/dompdf/src/Css/Stylesheet.php on line 1448
[27-Aug-2025 15:22:31 Australia/Brisbane] PHP Deprecated:  preg_match_all(): Passing null to parameter #2 ($subject) of type string is deprecated in /var/www/html/geninv/vendor/dompdf/dompdf/src/Css/Stylesheet.php on line 1448
[27-Aug-2025 15:22:31 Australia/Brisbane] PHP Deprecated:  preg_match_all(): Passing null to parameter #2 ($subject) of type string is deprecated in /var/www/html/geninv/vendor/dompdf/dompdf/src/Css/Stylesheet.php on line 1448
[27-Aug-2025 15:23:40 Australia/Brisbane] PHP Deprecated:  preg_match_all(): Passing null to parameter #2 ($subject) of type string is deprecated in /var/www/html/geninv/vendor/dompdf/dompdf/src/Css/Stylesheet.php on line 1448
[27-Aug-2025 15:23:40 Australia/Brisbane] PHP Deprecated:  preg_match_all(): Passing null to parameter #2 ($subject) of type string is deprecated in /var/www/html/geninv/vendor/dompdf/dompdf/src/Css/Stylesheet.php on line 1448
[27-Aug-2025 15:23:40 Australia/Brisbane] PHP Deprecated:  preg_match_all(): Passing null to parameter #2 ($subject) of type string is deprecated in /var/www/html/geninv/vendor/dompdf/dompdf/src/Css/Stylesheet.php on line 1448
[27-Aug-2025 15:26:00 Australia/Brisbane] PHP Deprecated:  preg_match_all(): Passing null to parameter #2 ($subject) of type string is deprecated in /var/www/html/geninv/vendor/dompdf/dompdf/src/Css/Stylesheet.php on line 1448
[27-Aug-2025 15:26:00 Australia/Brisbane] PHP Deprecated:  preg_match_all(): Passing null to parameter #2 ($subject) of type string is deprecated in /var/www/html/geninv/vendor/dompdf/dompdf/src/Css/Stylesheet.php on line 1448
[27-Aug-2025 15:26:00 Australia/Brisbane] PHP Deprecated:  preg_match_all(): Passing null to parameter #2 ($subject) of type string is deprecated in /var/www/html/geninv/vendor/dompdf/dompdf/src/Css/Stylesheet.php on line 1448
[27-Aug-2025 15:28:31 Australia/Brisbane] PHP Deprecated:  preg_match_all(): Passing null to parameter #2 ($subject) of type string is deprecated in /var/www/html/geninv/vendor/dompdf/dompdf/src/Css/Stylesheet.php on line 1448
[27-Aug-2025 15:28:31 Australia/Brisbane] PHP Deprecated:  preg_match_all(): Passing null to parameter #2 ($subject) of type string is deprecated in /var/www/html/geninv/vendor/dompdf/dompdf/src/Css/Stylesheet.php on line 1448
[27-Aug-2025 15:28:31 Australia/Brisbane] PHP Deprecated:  preg_match_all(): Passing null to parameter #2 ($subject) of type string is deprecated in /var/www/html/geninv/vendor/dompdf/dompdf/src/Css/Stylesheet.php on line 1448
[27-Aug-2025 15:30:43 Australia/Brisbane] PHP Deprecated:  preg_match_all(): Passing null to parameter #2 ($subject) of type string is deprecated in /var/www/html/geninv/vendor/dompdf/dompdf/src/Css/Stylesheet.php on line 1448
[27-Aug-2025 15:30:43 Australia/Brisbane] PHP Deprecated:  preg_match_all(): Passing null to parameter #2 ($subject) of type string is deprecated in /var/www/html/geninv/vendor/dompdf/dompdf/src/Css/Stylesheet.php on line 1448
[27-Aug-2025 15:30:43 Australia/Brisbane] PHP Deprecated:  preg_match_all(): Passing null to parameter #2 ($subject) of type string is deprecated in /var/www/html/geninv/vendor/dompdf/dompdf/src/Css/Stylesheet.php on line 1448
[27-Aug-2025 15:33:53 Australia/Brisbane] PHP Deprecated:  preg_match_all(): Passing null to parameter #2 ($subject) of type string is deprecated in /var/www/html/geninv/vendor/dompdf/dompdf/src/Css/Stylesheet.php on line 1448
[27-Aug-2025 15:33:53 Australia/Brisbane] PHP Deprecated:  preg_match_all(): Passing null to parameter #2 ($subject) of type string is deprecated in /var/www/html/geninv/vendor/dompdf/dompdf/src/Css/Stylesheet.php on line 1448
[27-Aug-2025 15:33:53 Australia/Brisbane] PHP Deprecated:  preg_match_all(): Passing null to parameter #2 ($subject) of type string is deprecated in /var/www/html/geninv/vendor/dompdf/dompdf/src/Css/Stylesheet.php on line 1448
[27-Aug-2025 15:34:43 Australia/Brisbane] PHP Deprecated:  preg_match_all(): Passing null to parameter #2 ($subject) of type string is deprecated in /var/www/html/geninv/vendor/dompdf/dompdf/src/Css/Stylesheet.php on line 1448
[27-Aug-2025 15:34:43 Australia/Brisbane] PHP Deprecated:  preg_match_all(): Passing null to parameter #2 ($subject) of type string is deprecated in /var/www/html/geninv/vendor/dompdf/dompdf/src/Css/Stylesheet.php on line 1448
[27-Aug-2025 15:34:43 Australia/Brisbane] PHP Deprecated:  preg_match_all(): Passing null to parameter #2 ($subject) of type string is deprecated in /var/www/html/geninv/vendor/dompdf/dompdf/src/Css/Stylesheet.php on line 1448
[27-Aug-2025 15:36:10 Australia/Brisbane] PHP Deprecated:  preg_match_all(): Passing null to parameter #2 ($subject) of type string is deprecated in /var/www/html/geninv/vendor/dompdf/dompdf/src/Css/Stylesheet.php on line 1448
[27-Aug-2025 15:36:10 Australia/Brisbane] PHP Deprecated:  preg_match_all(): Passing null to parameter #2 ($subject) of type string is deprecated in /var/www/html/geninv/vendor/dompdf/dompdf/src/Css/Stylesheet.php on line 1448
[27-Aug-2025 15:36:10 Australia/Brisbane] PHP Deprecated:  preg_match_all(): Passing null to parameter #2 ($subject) of type string is deprecated in /var/www/html/geninv/vendor/dompdf/dompdf/src/Css/Stylesheet.php on line 1448
